-------------------------------------------------------------------------------
Test set: edu.coursera.distributed.MpiJavaTest
-------------------------------------------------------------------------------
Tests run: 5, Failures: 5, Errors: 0, Skipped: 0, Time elapsed: 30.158 sec <<< FAILURE! - in edu.coursera.distributed.MpiJavaTest
testMatrixMultiplyRectangular1Small(edu.coursera.distributed.MpiJavaTest)  Time elapsed: 3.445 sec  <<< FAILURE!
junit.framework.AssertionFailedError: Expected a speedup of at least 3.0, but saw 1.089572192513369
	at junit.framework.Assert.fail(Assert.java:57)
	at junit.framework.Assert.assertTrue(Assert.java:22)
	at junit.framework.TestCase.assertTrue(TestCase.java:192)
	at edu.coursera.distributed.MpiJavaTest.testDriver(MpiJavaTest.java:135)
	at edu.coursera.distributed.MpiJavaTest.testMatrixMultiplyRectangular1Small(MpiJavaTest.java:148)

testMatrixMultiplyRectangular2Small(edu.coursera.distributed.MpiJavaTest)  Time elapsed: 2.982 sec  <<< FAILURE!
junit.framework.AssertionFailedError: Expected a speedup of at least 3.0, but saw 1.035658914728682
	at junit.framework.Assert.fail(Assert.java:57)
	at junit.framework.Assert.assertTrue(Assert.java:22)
	at junit.framework.TestCase.assertTrue(TestCase.java:192)
	at edu.coursera.distributed.MpiJavaTest.testDriver(MpiJavaTest.java:135)
	at edu.coursera.distributed.MpiJavaTest.testMatrixMultiplyRectangular2Small(MpiJavaTest.java:152)

testMatrixMultiplyRectangularLarge(edu.coursera.distributed.MpiJavaTest)  Time elapsed: 11.837 sec  <<< FAILURE!
junit.framework.AssertionFailedError: Expected a speedup of at least 3.0, but saw 0.9888613861386139
	at junit.framework.Assert.fail(Assert.java:57)
	at junit.framework.Assert.assertTrue(Assert.java:22)
	at junit.framework.TestCase.assertTrue(TestCase.java:192)
	at edu.coursera.distributed.MpiJavaTest.testDriver(MpiJavaTest.java:135)
	at edu.coursera.distributed.MpiJavaTest.testMatrixMultiplyRectangularLarge(MpiJavaTest.java:156)

testMatrixMultiplySquareLarge(edu.coursera.distributed.MpiJavaTest)  Time elapsed: 9.014 sec  <<< FAILURE!
junit.framework.AssertionFailedError: Expected a speedup of at least 3.0, but saw 1.0011663167716351
	at junit.framework.Assert.fail(Assert.java:57)
	at junit.framework.Assert.assertTrue(Assert.java:22)
	at junit.framework.TestCase.assertTrue(TestCase.java:192)
	at edu.coursera.distributed.MpiJavaTest.testDriver(MpiJavaTest.java:135)
	at edu.coursera.distributed.MpiJavaTest.testMatrixMultiplySquareLarge(MpiJavaTest.java:144)

testMatrixMultiplySquareSmall(edu.coursera.distributed.MpiJavaTest)  Time elapsed: 2.559 sec  <<< FAILURE!
junit.framework.AssertionFailedError: Expected a speedup of at least 3.0, but saw 0.9790969899665551
	at junit.framework.Assert.fail(Assert.java:57)
	at junit.framework.Assert.assertTrue(Assert.java:22)
	at junit.framework.TestCase.assertTrue(TestCase.java:192)
	at edu.coursera.distributed.MpiJavaTest.testDriver(MpiJavaTest.java:135)
	at edu.coursera.distributed.MpiJavaTest.testMatrixMultiplySquareSmall(MpiJavaTest.java:140)

