<?xml version="1.0" encoding="UTF-8"?>
<testsuite name="edu.coursera.distributed.MpiJavaTest" time="29.837" tests="5" errors="0" skipped="0" failures="5">
  <properties>
[...]
</properties>
  <testcase name="testMatrixMultiplyRectangular1Small" classname="edu.coursera.distributed.MpiJavaTest" time="3.445">
    <failure message="Expected a speedup of at least 3.0, but saw 1.089572192513369" type="junit.framework.AssertionFailedError">junit.framework.AssertionFailedError: Expected a speedup of at least 3.0, but saw 1.089572192513369
	at junit.framework.Assert.fail(Assert.java:57)
	at junit.framework.Assert.assertTrue(Assert.java:22)
	at junit.framework.TestCase.assertTrue(TestCase.java:192)
	at edu.coursera.distributed.MpiJavaTest.testDriver(MpiJavaTest.java:135)
	at edu.coursera.distributed.MpiJavaTest.testMatrixMultiplyRectangular1Small(MpiJavaTest.java:148)
</failure>
    <system-err><![CDATA[Testing matrix multiply: [800 x 1600] * [1600 x 500] = [800 x 500]
Sequential implementation ran in 1630 ms
MPI implementation ran in 1496 ms, yielding a speedup of 1.089572192513369x

]]></system-err>
  </testcase>
  <testcase name="testMatrixMultiplyRectangular2Small" classname="edu.coursera.distributed.MpiJavaTest" time="2.982">
    <failure message="Expected a speedup of at least 3.0, but saw 1.035658914728682" type="junit.framework.AssertionFailedError">junit.framework.AssertionFailedError: Expected a speedup of at least 3.0, but saw 1.035658914728682
	at junit.framework.Assert.fail(Assert.java:57)
	at junit.framework.Assert.assertTrue(Assert.java:22)
	at junit.framework.TestCase.assertTrue(TestCase.java:192)
	at edu.coursera.distributed.MpiJavaTest.testDriver(MpiJavaTest.java:135)
	at edu.coursera.distributed.MpiJavaTest.testMatrixMultiplyRectangular2Small(MpiJavaTest.java:152)
</failure>
    <system-err><![CDATA[Testing matrix multiply: [1600 x 800] * [800 x 500] = [1600 x 500]
Sequential implementation ran in 1336 ms
MPI implementation ran in 1290 ms, yielding a speedup of 1.035658914728682x

]]></system-err>
  </testcase>
  <testcase name="testMatrixMultiplyRectangularLarge" classname="edu.coursera.distributed.MpiJavaTest" time="11.837">
    <failure message="Expected a speedup of at least 3.0, but saw 0.9888613861386139" type="junit.framework.AssertionFailedError">junit.framework.AssertionFailedError: Expected a speedup of at least 3.0, but saw 0.9888613861386139
	at junit.framework.Assert.fail(Assert.java:57)
	at junit.framework.Assert.assertTrue(Assert.java:22)
	at junit.framework.TestCase.assertTrue(TestCase.java:192)
	at edu.coursera.distributed.MpiJavaTest.testDriver(MpiJavaTest.java:135)
	at edu.coursera.distributed.MpiJavaTest.testMatrixMultiplyRectangularLarge(MpiJavaTest.java:156)
</failure>
    <system-err><![CDATA[Testing matrix multiply: [1800 x 1400] * [1400 x 1000] = [1800 x 1000]
Sequential implementation ran in 5593 ms
MPI implementation ran in 5656 ms, yielding a speedup of 0.9888613861386139x

]]></system-err>
  </testcase>
  <testcase name="testMatrixMultiplySquareLarge" classname="edu.coursera.distributed.MpiJavaTest" time="9.014">
    <failure message="Expected a speedup of at least 3.0, but saw 1.0011663167716351" type="junit.framework.AssertionFailedError">junit.framework.AssertionFailedError: Expected a speedup of at least 3.0, but saw 1.0011663167716351
	at junit.framework.Assert.fail(Assert.java:57)
	at junit.framework.Assert.assertTrue(Assert.java:22)
	at junit.framework.TestCase.assertTrue(TestCase.java:192)
	at edu.coursera.distributed.MpiJavaTest.testDriver(MpiJavaTest.java:135)
	at edu.coursera.distributed.MpiJavaTest.testMatrixMultiplySquareLarge(MpiJavaTest.java:144)
</failure>
    <system-err><![CDATA[Testing matrix multiply: [1200 x 1200] * [1200 x 1200] = [1200 x 1200]
Sequential implementation ran in 4292 ms
MPI implementation ran in 4287 ms, yielding a speedup of 1.0011663167716351x

]]></system-err>
  </testcase>
  <testcase name="testMatrixMultiplySquareSmall" classname="edu.coursera.distributed.MpiJavaTest" time="2.559">
    <failure message="Expected a speedup of at least 3.0, but saw 0.9790969899665551" type="junit.framework.AssertionFailedError">junit.framework.AssertionFailedError: Expected a speedup of at least 3.0, but saw 0.9790969899665551
	at junit.framework.Assert.fail(Assert.java:57)
	at junit.framework.Assert.assertTrue(Assert.java:22)
	at junit.framework.TestCase.assertTrue(TestCase.java:192)
	at edu.coursera.distributed.MpiJavaTest.testDriver(MpiJavaTest.java:135)
	at edu.coursera.distributed.MpiJavaTest.testMatrixMultiplySquareSmall(MpiJavaTest.java:140)
</failure>
    <system-err><![CDATA[Testing matrix multiply: [800 x 800] * [800 x 800] = [800 x 800]
Sequential implementation ran in 1171 ms
MPI implementation ran in 1196 ms, yielding a speedup of 0.9790969899665551x

]]></system-err>
  </testcase>
</testsuite>